boss/boss.c
mem/mem.c
mem/memdb.c
text/text.c
joy/joy.c
sound/sound.c
@host0:sound/sounddata.c
mcard/mcard.c
hittest/hittest.c
window/window.c
menu/menu.c
menu/debugmenu.c
!	@menu/ingame.c
anim/anim.c
anim/cs_anim.c
file/file.c
file/inflate.c
file/preload.c
game/game.c
game/challenge.c
game/signon.c
game/objectives.c
lv/lvsetup.c
`0_t@front/frontfx.c
front/front.c
front/menus.c
front/front_mpg.c
front/mcseq.c
mapmaker/mm_main.c
mapmaker/mm_objs.c
mapmaker/mm_draw.c
mapmaker/mm_menus.c
mapmaker/mm_dialogs.c
mapmaker/mmfile.c
ob/cs_ob.c
pad/pad.c
prop/prop.c
prop/special.c
prop/lift.c
prop/door.c
prop/remote.c
prop/damage.c
move/move.c
cam/cam.c
player/player.c
chr/chr.c
gun/bullet.c
gun/gun.c
gun/cartridge.c
`0_t@gun/gunfx.c
fx/imageproc.c
fx/particle.c
fx/decal.c
fx/zbtest.c
fx/blastring.c
fx/roomlight.c
?fx/weather.c
fx/starfield.c
fx/specialfx.c
fx/sky.c
fx/spray.c
hud/hud.c
util/crc.c
util/quaternion.c
util/matrix.c
util/profile.c
em/image.c
enemy/enemy.c
enemy/enemyLevel.c
enemy/enemySingle.c
enemy/enemyArcade.c
enemy/enemyCore.c
timer/timers.c
net/net.c
libscf.c
bg/bg.c
ob/ob.c
em/em.c
em/dl.c
boss/boss.c
boss/strings_e.c
boss/strings_f.c
boss/strings_i.c
boss/strings_g.c
boss/strings_s.c
em/bumpmap.c
mem/mem.c
mem/memdb.c
mem/memdynamic.c
usb/mouse.c
text/text.c
text/grids.c
text/booklightfont.c
text/bookfont.c
text/future32font.c
joy/joy.c
sound/sound.c
sound/music.c
sound/streamrpc.c
sound/sounddata.c
sound/soundtool.c
mcard/mcard.c
hittest/hittest.c
view/view.c
window/window.c
menu/menu.c
menu/debugmenu.c
menu/ingame.c
anim/anim.c
anim/cs_anim.c
file/file.c
file/inflate.c
file/preload.c
game/game.c
game/challenge.c
game/signon.c
game/stats.c
game/unlock.c
game/cheats.c
game/demo.c
game/objectives.c
lv/lv.c
lv/lvsetup.c
lv/cs_lvsetup.c
lv/setup_tech.c
lv/setup_aztec.c
lv/setup_warehouse.c
lv/setup_atomsmasher.c
lv/setup_wildwest.c
lv/setup_hangar.c
lv/setup_notredame.c
lv/setup_dam.c
lv/setup_pivotal.c
lv/setup_neotokyo.c
lv/setup_spacestation.c
lv/setup_planet2.c
lv/setup_rfactory.c
lv/setup_mexican.c
lv/setup_nightclub.c
lv/setup_martian.c
lv/setup_hospital.c
lv/setup_scrapyard.c
lv/setup_circus.c
front/loading.c
front/frontfx.c
front/front.c
front/menus.c
front/gui.c
tool1/devgui.c
front/zoombox.c
front/textbox.c
front/frontred.c
front/front_mpg.c
front/mcseq.c
mapmaker/mm_main.c
mapmaker/mm_objs.c
mapmaker/mm_tiles.c
mapmaker/mm_draw.c
mapmaker/mm_menus.c
mapmaker/mm_dialogs.c
mapmaker/mm_gen.c
mapmaker/mmfile.c
tool1/animtool.c
tool1/editambient.c
bg/bg.c
bg/tiles.c
ob/ob.c
ob/cs_ob.c
ob/obbounds.c
pad/pad.c
prop/prop.c
prop/car.c
prop/special.c
prop/lift.c
prop/door.c
prop/corpse.c
prop/remote.c
prop/damage.c
propsetup/propsetup.c
move/move.c
cam/cam.c
player/player.c
chr/chr.c
chr/inventory.c
gun/bullet.c
gun/gun.c
gun/cartridge.c
gun/gunfx.c
fx/imageproc.c
fx/particle.c
fx/decal.c
fx/zbtest.c
fx/blastring.c
fx/roomlight.c
fx/weather.c
fx/starfield.c
fx/specialfx.c
fx/credits.c
fx/sky.c
fx/roomfx.c
fx/chrfx.c
fx/spray.c
hud/hud.c
util/sceecd.c
util/rtc.c
util/crc.c
util/quaternion.c
util/misc.c
util/matrix.c
util/profile.c
util/timer.c
util/assert.c
util/rnd.c
util/screendump.c
util/trig.c
util/spline.c
util/colour.c
util/loadbar.c
em/em.c
em/dl.c
em/image.c
enemy/enemy.c
enemy/enemyLevel.c
enemy/enemyData.c
enemy/enemySingle.c
enemy/enemyArcade.c
enemy/enemyCore.c
timer/timers.c
net/net.c
net/ilink/socketee.c
net/ilink/ilmain.c
prop/apache.c
boss/marker.c
graphdev.c
libdma.c
libgifpk.c
glue.c
cache.c
intr.c
tty.c
kprintf.c
sifcmd.c
sifrpc.c
filestub.c
iopheap.c
eeloadfile.c
iopreset.c
diei.c
initsys.c
thread.c
deci2.c
libpad.c
libmtap.c
libvu0.c
libipu.c
ipuinit.c
libscedemo.c
../../../../../src/newlib/libm/math/s_atan.c
../../../../../src/newlib/libm/math/s_cos.c
../../../../../src/newlib/libm/math/s_fabs.c
../../../../../src/newlib/libm/math/s_floor.c
../../../../../src/newlib/libm/math/sf_atan.c
../../../../../src/newlib/libm/math/sf_cos.c
../../../../../src/newlib/libm/math/sf_fabs.c
../../../../../src/newlib/libm/math/sf_sin.c
../../../../../src/newlib/libm/math/sf_tan.c
../../../../../src/newlib/libm/math/w_atan2.c
../../../../../src/newlib/libm/math/w_pow.c
../../../../../src/newlib/libm/math/w_sqrt.c
../../../../../src/newlib/libm/math/wf_acos.c
../../../../../src/newlib/libm/math/wf_asin.c
../../../../../src/newlib/libm/math/wf_atan2.c
../../../../../src/newlib/libm/math/wf_pow.c
../../../../../src/newlib/libm/math/wf_sqrt.c
../../../../../src/newlib/libm/math/e_atan2.c
../../../../../src/newlib/libm/math/e_pow.c
../../../../../src/newlib/libm/math/e_rem_pio2.c
../../../../../src/newlib/libm/math/e_sqrt.c
../../../../../src/newlib/libm/math/ef_acos.c
../../../../../src/newlib/libm/math/ef_asin.c
../../../../../src/newlib/libm/math/ef_atan2.c
../../../../../src/newlib/libm/math/ef_pow.c
../../../../../src/newlib/libm/math/ef_rem_pio2.c
../../../../../src/newlib/libm/math/ef_sqrt.c
../../../../../src/newlib/libm/math/k_cos.c
../../../../../src/newlib/libm/math/k_rem_pio2.c
../../../../../src/newlib/libm/math/k_sin.c
../../../../../src/newlib/libm/math/kf_cos.c
../../../../../src/newlib/libm/math/kf_rem_pio2.c
../../../../../src/newlib/libm/math/kf_sin.c
../../../../../src/newlib/libm/math/kf_tan.c
../../../../../src/newlib/libm/common/s_finite.c
../../../../../src/newlib/libm/math/s_infconst.c
../../../../../src/newlib/libm/math/s_isnan.c
../../../../../src/newlib/libm/common/s_lib_ver.c
../../../../../src/newlib/libm/common/s_matherr.c
../../../../../src/newlib/libm/common/s_rint.c
../../../../../src/newlib/libm/common/s_scalbn.c
../../../../../src/newlib/libm/common/sf_finite.c
../../../../../src/newlib/libm/math/sf_floor.c
../../../../../src/newlib/libm/math/sf_isnan.c
../../../../../src/newlib/libm/common/sf_scalbn.c
../../../../../src/newlib/libm/common/s_copysign.c
../../../../../src/newlib/libm/common/sf_copysign.c
../libmc.c
sdr_main.c
sdr_cb.c
../eecdvd.c
libscf.c
../../src/gcc/libgcc2.c
dp-bit.c
fp-bit.c
../../../../../src/newlib/libc/stdlib/assert.c
../../../../../src/newlib/libc/stdlib/atoi.c
../../../../../src/newlib/libc/string/bcopy.c
../../../../../src/newlib/libc/errno/errno.c
../../../../../src/newlib/libc/stdio/findfp.c
../../../../../src/newlib/libc/stdio/fiprintf.c
../../../../../src/newlib/libc/stdio/fwalk.c
../../../../../src/newlib/libc/reent/impure.c
../../../../../src/newlib/libc/stdlib/malloc.c
../../../../../src/newlib/libc/stdlib/mallocr.c
../../../../../src/newlib/libc/stdlib/mlock.c
../../../../../src/newlib/libc/stdio/printf.c
../../../../../src/newlib/libc/reent/sbrkr.c
../../../../../src/newlib/libc/stdio/sprintf.c
../../../../../src/newlib/libc/stdio/sscanf.c
../../../../../src/newlib/libc/stdio/stdio.c
../../../../../src/newlib/libc/string/strcasecmp.c
../../../../../src/newlib/libc/stdlib/strtol.c
../../../../../src/newlib/libc/stdio/vfprintf.c
../../../../../src/newlib/libc/stdio/vfscanf.c
../../../../../src/newlib/libc/stdio/vsprintf.c
../../../../../src/newlib/libc/reent/writer.c
../../../../../src/newlib/libc/stdio/wsetup.c
../../../../../src/newlib/libc/stdlib/abort.c
../../../../../src/newlib/libc/stdlib/atof.c
../../../../../src/newlib/libc/reent/closer.c
../../../../../src/newlib/libc/ctype/ctype_.c
../../../../../src/newlib/libc/stdlib/dtoa.c
../../../../../src/newlib/libc/stdio/fflush.c
../../../../../src/newlib/libc/stdio/fread.c
../../../../../src/newlib/libc/stdio/fvwrite.c
../../../../../src/newlib/libc/locale/locale.c
../../../../../src/newlib/libc/reent/lseekr.c
../../../../../src/newlib/libc/stdio/makebuf.c
../../../../../src/newlib/libc/stdlib/mbtowc_r.c
../../../../../src/newlib/libc/stdlib/mprec.c
../../../../../src/newlib/libc/reent/readr.c
../../../../../src/newlib/libc/stdio/refill.c
../../../../../src/newlib/libm/math/s_isinf.c
../../../../../src/newlib/libc/signal/signal.c
../../../../../src/newlib/libc/reent/signalr.c
../../../../../src/newlib/libc/stdlib/strtod.c
../../../../../src/newlib/libc/stdlib/strtoul.c
../../../../../src/newlib/libc/stdio/ungetc.c
../../../../../src/newlib/libc/reent/fstatr.c
